q:/Build/NT32IA32/DEBUG_DEVTLS/IA32/MdePkg/Library/BaseMemoryLibOptPei/BaseMemoryLibOptPei/OUTPUT/Ia32/ScanMem64.obj
q:/Build/NT32IA32/DEBUG_DEVTLS/IA32/MdePkg/Library/BaseMemoryLibOptPei/BaseMemoryLibOptPei/OUTPUT/Ia32/ScanMem32.obj
q:/Build/NT32IA32/DEBUG_DEVTLS/IA32/MdePkg/Library/BaseMemoryLibOptPei/BaseMemoryLibOptPei/OUTPUT/Ia32/ScanMem16.obj
q:/Build/NT32IA32/DEBUG_DEVTLS/IA32/MdePkg/Library/BaseMemoryLibOptPei/BaseMemoryLibOptPei/OUTPUT/Ia32/ScanMem8.obj
q:/Build/NT32IA32/DEBUG_DEVTLS/IA32/MdePkg/Library/BaseMemoryLibOptPei/BaseMemoryLibOptPei/OUTPUT/Ia32/CompareMem.obj
q:/Build/NT32IA32/DEBUG_DEVTLS/IA32/MdePkg/Library/BaseMemoryLibOptPei/BaseMemoryLibOptPei/OUTPUT/Ia32/ZeroMem.obj
q:/Build/NT32IA32/DEBUG_DEVTLS/IA32/MdePkg/Library/BaseMemoryLibOptPei/BaseMemoryLibOptPei/OUTPUT/Ia32/SetMem64.obj
q:/Build/NT32IA32/DEBUG_DEVTLS/IA32/MdePkg/Library/BaseMemoryLibOptPei/BaseMemoryLibOptPei/OUTPUT/Ia32/SetMem32.obj
q:/Build/NT32IA32/DEBUG_DEVTLS/IA32/MdePkg/Library/BaseMemoryLibOptPei/BaseMemoryLibOptPei/OUTPUT/Ia32/SetMem16.obj
q:/Build/NT32IA32/DEBUG_DEVTLS/IA32/MdePkg/Library/BaseMemoryLibOptPei/BaseMemoryLibOptPei/OUTPUT/Ia32/SetMem.obj
q:/Build/NT32IA32/DEBUG_DEVTLS/IA32/MdePkg/Library/BaseMemoryLibOptPei/BaseMemoryLibOptPei/OUTPUT/Ia32/CopyMem.obj
q:/Build/NT32IA32/DEBUG_DEVTLS/IA32/MdePkg/Library/BaseMemoryLibOptPei/BaseMemoryLibOptPei/OUTPUT/ScanMem64Wrapper.obj
q:/Build/NT32IA32/DEBUG_DEVTLS/IA32/MdePkg/Library/BaseMemoryLibOptPei/BaseMemoryLibOptPei/OUTPUT/ScanMem32Wrapper.obj
q:/Build/NT32IA32/DEBUG_DEVTLS/IA32/MdePkg/Library/BaseMemoryLibOptPei/BaseMemoryLibOptPei/OUTPUT/ScanMem16Wrapper.obj
q:/Build/NT32IA32/DEBUG_DEVTLS/IA32/MdePkg/Library/BaseMemoryLibOptPei/BaseMemoryLibOptPei/OUTPUT/ScanMem8Wrapper.obj
q:/Build/NT32IA32/DEBUG_DEVTLS/IA32/MdePkg/Library/BaseMemoryLibOptPei/BaseMemoryLibOptPei/OUTPUT/ZeroMemWrapper.obj
q:/Build/NT32IA32/DEBUG_DEVTLS/IA32/MdePkg/Library/BaseMemoryLibOptPei/BaseMemoryLibOptPei/OUTPUT/CompareMemWrapper.obj
q:/Build/NT32IA32/DEBUG_DEVTLS/IA32/MdePkg/Library/BaseMemoryLibOptPei/BaseMemoryLibOptPei/OUTPUT/SetMem64Wrapper.obj
q:/Build/NT32IA32/DEBUG_DEVTLS/IA32/MdePkg/Library/BaseMemoryLibOptPei/BaseMemoryLibOptPei/OUTPUT/SetMem32Wrapper.obj
q:/Build/NT32IA32/DEBUG_DEVTLS/IA32/MdePkg/Library/BaseMemoryLibOptPei/BaseMemoryLibOptPei/OUTPUT/SetMem16Wrapper.obj
q:/Build/NT32IA32/DEBUG_DEVTLS/IA32/MdePkg/Library/BaseMemoryLibOptPei/BaseMemoryLibOptPei/OUTPUT/SetMemWrapper.obj
q:/Build/NT32IA32/DEBUG_DEVTLS/IA32/MdePkg/Library/BaseMemoryLibOptPei/BaseMemoryLibOptPei/OUTPUT/CopyMemWrapper.obj
q:/Build/NT32IA32/DEBUG_DEVTLS/IA32/MdePkg/Library/BaseMemoryLibOptPei/BaseMemoryLibOptPei/OUTPUT/MemLibGuid.obj