q:/Build/NT32IA32/DEBUG_DEVTLS/IA32/MdeModulePkg/Library/DxeReportStatusCodeLib/DxeReportStatusCodeLib/OUTPUT/DxeReportStatusCodeLib.lib
q:/Build/NT32IA32/DEBUG_DEVTLS/IA32/MdePkg/Library/DxePcdLib/DxePcdLib/OUTPUT/DxePcdLib.lib
q:/Build/NT32IA32/DEBUG_DEVTLS/IA32/IntelFrameworkModulePkg/Library/PeiDxeDebugLibReportStatusCode/PeiDxeDebugLibReportStatusCode/OUTPUT/PeiDxeDebugLibReportStatusCode.lib
q:/Build/NT32IA32/DEBUG_DEVTLS/IA32/MdePkg/Library/BaseMemoryLibOptDxe/BaseMemoryLibOptDxe/OUTPUT/BaseMemoryLibOptDxe.lib
q:/Build/NT32IA32/DEBUG_DEVTLS/IA32/MdePkg/Library/BaseLib/BaseLib/OUTPUT/BaseLib.lib
q:/Build/NT32IA32/DEBUG_DEVTLS/IA32/MdePkg/Library/UefiBootServicesTableLib/UefiBootServicesTableLib/OUTPUT/UefiBootServicesTableLib.lib
q:/Build/NT32IA32/DEBUG_DEVTLS/IA32/MdePkg/Library/UefiMemoryAllocationLib/UefiMemoryAllocationLib/OUTPUT/UefiMemoryAllocationLib.lib
q:/Build/NT32IA32/DEBUG_DEVTLS/IA32/MdePkg/Library/BasePrintLib/BasePrintLib/OUTPUT/BasePrintLib.lib
q:/Build/NT32IA32/DEBUG_DEVTLS/IA32/MdePkg/Library/UefiRuntimeServicesTableLib/UefiRuntimeServicesTableLib/OUTPUT/UefiRuntimeServicesTableLib.lib
q:/Build/NT32IA32/DEBUG_DEVTLS/IA32/MdePkg/Library/UefiDevicePathLibDevicePathProtocol/UefiDevicePathLibDevicePathProtocol/OUTPUT/UefiDevicePathLibDevicePathProtocol.lib
q:/Build/NT32IA32/DEBUG_DEVTLS/IA32/MdePkg/Library/UefiLib/UefiLib/OUTPUT/UefiLib.lib
q:/Build/NT32IA32/DEBUG_DEVTLS/IA32/MdePkg/Library/DxeHobLib/DxeHobLib/OUTPUT/DxeHobLib.lib
q:/Build/NT32IA32/DEBUG_DEVTLS/IA32/MdeModulePkg/Library/DxeDebugPrintErrorLevelLib/DxeDebugPrintErrorLevelLib/OUTPUT/DxeDebugPrintErrorLevelLib.lib
q:/Build/NT32IA32/DEBUG_DEVTLS/IA32/MdePkg/Library/BaseTimerLibNullTemplate/BaseTimerLibNullTemplate/OUTPUT/BaseTimerLibNullTemplate.lib
q:/Build/NT32IA32/DEBUG_DEVTLS/IA32/MdeModulePkg/Library/VarCheckLib/VarCheckLib/OUTPUT/VarCheckLib.lib
q:/Build/NT32IA32/DEBUG_DEVTLS/IA32/MdePkg/Library/BaseSynchronizationLib/BaseSynchronizationLib/OUTPUT/BaseSynchronizationLib.lib
q:/Build/NT32IA32/DEBUG_DEVTLS/IA32/MdePkg/Library/UefiRuntimeLib/UefiRuntimeLib/OUTPUT/UefiRuntimeLib.lib
q:/Build/NT32IA32/DEBUG_DEVTLS/IA32/MdePkg/Library/DxeServicesTableLib/DxeServicesTableLib/OUTPUT/DxeServicesTableLib.lib
q:/Build/NT32IA32/DEBUG_DEVTLS/IA32/MdePkg/Library/UefiDriverEntryPoint/UefiDriverEntryPoint/OUTPUT/UefiDriverEntryPoint.lib
q:/Build/NT32IA32/DEBUG_DEVTLS/IA32/MdeModulePkg/Library/TpmMeasurementLibNull/TpmMeasurementLibNull/OUTPUT/TpmMeasurementLibNull.lib
q:/Build/NT32IA32/DEBUG_DEVTLS/IA32/MdeModulePkg/Library/AuthVariableLibNull/AuthVariableLibNull/OUTPUT/AuthVariableLibNull.lib
q:/Build/NT32IA32/DEBUG_DEVTLS/IA32/MdeModulePkg/Library/VarCheckUefiLib/VarCheckUefiLib/OUTPUT/VarCheckUefiLib.lib
q:/Build/NT32IA32/DEBUG_DEVTLS/IA32/MdeModulePkg/Universal/Variable/RuntimeDxe/VariableRuntimeDxe/OUTPUT/VariableRuntimeDxe.lib